# JRE version: OpenJDK Runtime Environment Temurin-17.0.10+7 (17.0.10+7) (build 17.0.10+7)
# Java VM: OpenJDK 64-Bit Server VM Temurin-17.0.10+7 (17.0.10+7, mixed mode, tiered, compressed oops, compressed class ptrs, parallel gc, windows-amd64)
GC Precious Log:
 CPUs: 8 total, 8 available
 Memory: 16198M
 Large Page Support: Disabled
 NUMA Support: Disabled
 Compressed Oops: Enabled (32-bit)
 Alignments: Space 512K, Generation 512K, Heap 2M
 Heap Min Capacity: 100M
 Heap Initial Capacity: 100M
 Heap Max Capacity: 1G
 Pre-touch: Disabled
 Parallel Workers: 8
Heap:
 PSYoungGen      total 4096K, used 3786K [0x00000000eab00000, 0x00000000eb000000, 0x0000000100000000)
  eden space 3072K, 92% used [0x00000000eab00000,0x00000000eadca3b8,0x00000000eae00000)
  from space 1024K, 90% used [0x00000000eaf00000,0x00000000eafe8490,0x00000000eb000000)
  to   space 1024K, 0% used [0x00000000eae00000,0x00000000eae00000,0x00000000eaf00000)
 ParOldGen       total 232960K, used 210588K [0x00000000c0000000, 0x00000000ce380000, 0x00000000eab00000)
  object space 232960K, 90% used [0x00000000c0000000,0x00000000ccda7348,0x00000000ce380000)
 Metaspace       used 66825K, committed 67968K, reserved 1114112K
  class space    used 7224K, committed 7744K, reserved 1048576K
GC Heap History (20 events):
Event: 31.417 GC heap before
{Heap before GC invocations=457 (full 16):
 PSYoungGen      total 3584K, used 3416K [0x00000000eab00000, 0x00000000eb000000, 0x0000000100000000)
  eden space 3072K, 99% used [0x00000000eab00000,0x00000000eadfe118,0x00000000eae00000)
  from space 512K, 68% used [0x00000000eaf80000,0x00000000eafd8000,0x00000000eb000000)
  to   space 1024K, 0% used [0x00000000eae00000,0x00000000eae00000,0x00000000eaf00000)
 ParOldGen       total 232960K, used 210394K [0x00000000c0000000, 0x00000000ce380000, 0x00000000eab00000)
  object space 232960K, 90% used [0x00000000c0000000,0x00000000ccd76a78,0x00000000ce380000)
 Metaspace       used 63348K, committed 64448K, reserved 1114112K
  class space    used 6757K, committed 7232K, reserved 1048576K
}
Event: 31.419 GC heap after
{Heap after GC invocations=457 (full 16):
 PSYoungGen      total 4096K, used 928K [0x00000000eab00000, 0x00000000eb100000, 0x0000000100000000)
  eden space 3072K, 0% used [0x00000000eab00000,0x00000000eab00000,0x00000000eae00000)
  from space 1024K, 90% used [0x00000000eae00000,0x00000000eaee8030,0x00000000eaf00000)
  to   space 1536K, 0% used [0x00000000eaf80000,0x00000000eaf80000,0x00000000eb100000)
 ParOldGen       total 232960K, used 210572K [0x00000000c0000000, 0x00000000ce380000, 0x00000000eab00000)
  object space 232960K, 90% used [0x00000000c0000000,0x00000000ccda3348,0x00000000ce380000)
 Metaspace       used 63348K, committed 64448K, reserved 1114112K
  class space    used 6757K, committed 7232K, reserved 1048576K
}
Event: 46.695 GC heap before
{Heap before GC invocations=458 (full 16):
 PSYoungGen      total 4096K, used 4000K [0x00000000eab00000, 0x00000000eb100000, 0x0000000100000000)
  eden space 3072K, 100% used [0x00000000eab00000,0x00000000eae00000,0x00000000eae00000)
  from space 1024K, 90% used [0x00000000eae00000,0x00000000eaee8030,0x00000000eaf00000)
  to   space 1536K, 0% used [0x00000000eaf80000,0x00000000eaf80000,0x00000000eb100000)
 ParOldGen       total 232960K, used 210572K [0x00000000c0000000, 0x00000000ce380000, 0x00000000eab00000)
  object space 232960K, 90% used [0x00000000c0000000,0x00000000ccda3348,0x00000000ce380000)
 Metaspace       used 63531K, committed 64640K, reserved 1114112K
  class space    used 6783K, committed 7296K, reserved 1048576K
}
Event: 46.698 GC heap after
{Heap after GC invocations=458 (full 16):
 PSYoungGen      total 3584K, used 464K [0x00000000eab00000, 0x00000000eb000000, 0x0000000100000000)
  eden space 3072K, 0% used [0x00000000eab00000,0x00000000eab00000,0x00000000eae00000)
  from space 512K, 90% used [0x00000000eaf80000,0x00000000eaff4030,0x00000000eb000000)
  to   space 1024K, 0% used [0x00000000eae00000,0x00000000eae00000,0x00000000eaf00000)
 ParOldGen       total 232960K, used 210580K [0x00000000c0000000, 0x00000000ce380000, 0x00000000eab00000)
  object space 232960K, 90% used [0x00000000c0000000,0x00000000ccda5348,0x00000000ce380000)
 Metaspace       used 63531K, committed 64640K, reserved 1114112K
  class space    used 6783K, committed 7296K, reserved 1048576K
}
Event: 46.828 GC heap before
{Heap before GC invocations=459 (full 16):
 PSYoungGen      total 3584K, used 3522K [0x00000000eab00000, 0x00000000eb000000, 0x0000000100000000)
  eden space 3072K, 99% used [0x00000000eab00000,0x00000000eadfc9a8,0x00000000eae00000)
  from space 512K, 90% used [0x00000000eaf80000,0x00000000eaff4030,0x00000000eb000000)
  to   space 1024K, 0% used [0x00000000eae00000,0x00000000eae00000,0x00000000eaf00000)
 ParOldGen       total 232960K, used 210580K [0x00000000c0000000, 0x00000000ce380000, 0x00000000eab00000)
  object space 232960K, 90% used [0x00000000c0000000,0x00000000ccda5348,0x00000000ce380000)
 Metaspace       used 64042K, committed 65088K, reserved 1114112K
  class space    used 6834K, committed 7296K, reserved 1048576K
}
Event: 46.833 GC heap after
{Heap after GC invocations=459 (full 16):
 PSYoungGen      total 4096K, used 512K [0x00000000eab00000, 0x00000000eb000000, 0x0000000100000000)
  eden space 3072K, 0% used [0x00000000eab00000,0x00000000eab00000,0x00000000eae00000)
  from space 1024K, 50% used [0x00000000eae00000,0x00000000eae80000,0x00000000eaf00000)
  to   space 1024K, 0% used [0x00000000eaf00000,0x00000000eaf00000,0x00000000eb000000)
 ParOldGen       total 232960K, used 210588K [0x00000000c0000000, 0x00000000ce380000, 0x00000000eab00000)
  object space 232960K, 90% used [0x00000000c0000000,0x00000000ccda7348,0x00000000ce380000)
 Metaspace       used 64042K, committed 65088K, reserved 1114112K
  class space    used 6834K, committed 7296K, reserved 1048576K
}
Event: 46.893 GC heap before
{Heap before GC invocations=460 (full 16):
 PSYoungGen      total 4096K, used 3571K [0x00000000eab00000, 0x00000000eb000000, 0x0000000100000000)
  eden space 3072K, 99% used [0x00000000eab00000,0x00000000eadfcca0,0x00000000eae00000)
  from space 1024K, 50% used [0x00000000eae00000,0x00000000eae80000,0x00000000eaf00000)
  to   space 1024K, 0% used [0x00000000eaf00000,0x00000000eaf00000,0x00000000eb000000)
 ParOldGen       total 232960K, used 210588K [0x00000000c0000000, 0x00000000ce380000, 0x00000000eab00000)
  object space 232960K, 90% used [0x00000000c0000000,0x00000000ccda7348,0x00000000ce380000)
 Metaspace       used 64570K, committed 65664K, reserved 1114112K
  class space    used 6871K, committed 7360K, reserved 1048576K
}
Event: 46.896 GC heap after
{Heap after GC invocations=460 (full 16):
 PSYoungGen      total 4096K, used 658K [0x00000000eab00000, 0x00000000eb000000, 0x0000000100000000)
  eden space 3072K, 0% used [0x00000000eab00000,0x00000000eab00000,0x00000000eae00000)
  from space 1024K, 64% used [0x00000000eaf00000,0x00000000eafa4b08,0x00000000eb000000)
  to   space 1024K, 0% used [0x00000000eae00000,0x00000000eae00000,0x00000000eaf00000)
 ParOldGen       total 232960K, used 210588K [0x00000000c0000000, 0x00000000ce380000, 0x00000000eab00000)
  object space 232960K, 90% used [0x00000000c0000000,0x00000000ccda7348,0x00000000ce380000)
 Metaspace       used 64570K, committed 65664K, reserved 1114112K
  class space    used 6871K, committed 7360K, reserved 1048576K
}
Event: 46.932 GC heap before
{Heap before GC invocations=461 (full 16):
 PSYoungGen      total 4096K, used 3730K [0x00000000eab00000, 0x00000000eb000000, 0x0000000100000000)
  eden space 3072K, 100% used [0x00000000eab00000,0x00000000eae00000,0x00000000eae00000)
  from space 1024K, 64% used [0x00000000eaf00000,0x00000000eafa4b08,0x00000000eb000000)
  to   space 1024K, 0% used [0x00000000eae00000,0x00000000eae00000,0x00000000eaf00000)
 ParOldGen       total 232960K, used 210588K [0x00000000c0000000, 0x00000000ce380000, 0x00000000eab00000)
  object space 232960K, 90% used [0x00000000c0000000,0x00000000ccda7348,0x00000000ce380000)
 Metaspace       used 64858K, committed 65984K, reserved 1114112K
  class space    used 6921K, committed 7424K, reserved 1048576K
}
Event: 46.935 GC heap after
{Heap after GC invocations=461 (full 16):
 PSYoungGen      total 4096K, used 689K [0x00000000eab00000, 0x00000000eb000000, 0x0000000100000000)
  eden space 3072K, 0% used [0x00000000eab00000,0x00000000eab00000,0x00000000eae00000)
  from space 1024K, 67% used [0x00000000eae00000,0x00000000eaeac480,0x00000000eaf00000)
  to   space 1024K, 0% used [0x00000000eaf00000,0x00000000eaf00000,0x00000000eb000000)
 ParOldGen       total 232960K, used 210588K [0x00000000c0000000, 0x00000000ce380000, 0x00000000eab00000)
  object space 232960K, 90% used [0x00000000c0000000,0x00000000ccda7348,0x00000000ce380000)
 Metaspace       used 64858K, committed 65984K, reserved 1114112K
  class space    used 6921K, committed 7424K, reserved 1048576K
}
Event: 47.005 GC heap before
{Heap before GC invocations=462 (full 16):
 PSYoungGen      total 4096K, used 3761K [0x00000000eab00000, 0x00000000eb000000, 0x0000000100000000)
  eden space 3072K, 100% used [0x00000000eab00000,0x00000000eae00000,0x00000000eae00000)
  from space 1024K, 67% used [0x00000000eae00000,0x00000000eaeac480,0x00000000eaf00000)
  to   space 1024K, 0% used [0x00000000eaf00000,0x00000000eaf00000,0x00000000eb000000)
 ParOldGen       total 232960K, used 210588K [0x00000000c0000000, 0x00000000ce380000, 0x00000000eab00000)
  object space 232960K, 90% used [0x00000000c0000000,0x00000000ccda7348,0x00000000ce380000)
 Metaspace       used 65256K, committed 66304K, reserved 1114112K
  class space    used 6965K, committed 7424K, reserved 1048576K
}
Event: 47.007 GC heap after
{Heap after GC invocations=462 (full 16):
 PSYoungGen      total 4096K, used 810K [0x00000000eab00000, 0x00000000eb000000, 0x0000000100000000)
  eden space 3072K, 0% used [0x00000000eab00000,0x00000000eab00000,0x00000000eae00000)
  from space 1024K, 79% used [0x00000000eaf00000,0x00000000eafca980,0x00000000eb000000)
  to   space 1024K, 0% used [0x00000000eae00000,0x00000000eae00000,0x00000000eaf00000)
 ParOldGen       total 232960K, used 210588K [0x00000000c0000000, 0x00000000ce380000, 0x00000000eab00000)
  object space 232960K, 90% used [0x00000000c0000000,0x00000000ccda7348,0x00000000ce380000)
 Metaspace       used 65256K, committed 66304K, reserved 1114112K
  class space    used 6965K, committed 7424K, reserved 1048576K
}
Event: 47.083 GC heap before
{Heap before GC invocations=463 (full 16):
 PSYoungGen      total 4096K, used 3882K [0x00000000eab00000, 0x00000000eb000000, 0x0000000100000000)
  eden space 3072K, 100% used [0x00000000eab00000,0x00000000eae00000,0x00000000eae00000)
  from space 1024K, 79% used [0x00000000eaf00000,0x00000000eafca980,0x00000000eb000000)
  to   space 1024K, 0% used [0x00000000eae00000,0x00000000eae00000,0x00000000eaf00000)
 ParOldGen       total 232960K, used 210588K [0x00000000c0000000, 0x00000000ce380000, 0x00000000eab00000)
  object space 232960K, 90% used [0x00000000c0000000,0x00000000ccda7348,0x00000000ce380000)
 Metaspace       used 65595K, committed 66688K, reserved 1114112K
  class space    used 7026K, committed 7488K, reserved 1048576K
}
Event: 47.086 GC heap after
{Heap after GC invocations=463 (full 16):
 PSYoungGen      total 4096K, used 817K [0x00000000eab00000, 0x00000000eb000000, 0x0000000100000000)
  eden space 3072K, 0% used [0x00000000eab00000,0x00000000eab00000,0x00000000eae00000)
  from space 1024K, 79% used [0x00000000eae00000,0x00000000eaecc480,0x00000000eaf00000)
  to   space 1024K, 0% used [0x00000000eaf00000,0x00000000eaf00000,0x00000000eb000000)
 ParOldGen       total 232960K, used 210588K [0x00000000c0000000, 0x00000000ce380000, 0x00000000eab00000)
  object space 232960K, 90% used [0x00000000c0000000,0x00000000ccda7348,0x00000000ce380000)
 Metaspace       used 65595K, committed 66688K, reserved 1114112K
  class space    used 7026K, committed 7488K, reserved 1048576K
}
Event: 47.107 GC heap before
{Heap before GC invocations=464 (full 16):
 PSYoungGen      total 4096K, used 3889K [0x00000000eab00000, 0x00000000eb000000, 0x0000000100000000)
  eden space 3072K, 100% used [0x00000000eab00000,0x00000000eae00000,0x00000000eae00000)
  from space 1024K, 79% used [0x00000000eae00000,0x00000000eaecc480,0x00000000eaf00000)
  to   space 1024K, 0% used [0x00000000eaf00000,0x00000000eaf00000,0x00000000eb000000)
 ParOldGen       total 232960K, used 210588K [0x00000000c0000000, 0x00000000ce380000, 0x00000000eab00000)
  object space 232960K, 90% used [0x00000000c0000000,0x00000000ccda7348,0x00000000ce380000)
 Metaspace       used 65822K, committed 66880K, reserved 1114112K
  class space    used 7087K, committed 7552K, reserved 1048576K
}
Event: 47.109 GC heap after
{Heap after GC invocations=464 (full 16):
 PSYoungGen      total 4096K, used 833K [0x00000000eab00000, 0x00000000eb000000, 0x0000000100000000)
  eden space 3072K, 0% used [0x00000000eab00000,0x00000000eab00000,0x00000000eae00000)
  from space 1024K, 81% used [0x00000000eaf00000,0x00000000eafd0490,0x00000000eb000000)
  to   space 1024K, 0% used [0x00000000eae00000,0x00000000eae00000,0x00000000eaf00000)
 ParOldGen       total 232960K, used 210588K [0x00000000c0000000, 0x00000000ce380000, 0x00000000eab00000)
  object space 232960K, 90% used [0x00000000c0000000,0x00000000ccda7348,0x00000000ce380000)
 Metaspace       used 65822K, committed 66880K, reserved 1114112K
  class space    used 7087K, committed 7552K, reserved 1048576K
}
Event: 47.145 GC heap before
{Heap before GC invocations=465 (full 16):
 PSYoungGen      total 4096K, used 3905K [0x00000000eab00000, 0x00000000eb000000, 0x0000000100000000)
  eden space 3072K, 100% used [0x00000000eab00000,0x00000000eae00000,0x00000000eae00000)
  from space 1024K, 81% used [0x00000000eaf00000,0x00000000eafd0490,0x00000000eb000000)
  to   space 1024K, 0% used [0x00000000eae00000,0x00000000eae00000,0x00000000eaf00000)
 ParOldGen       total 232960K, used 210588K [0x00000000c0000000, 0x00000000ce380000, 0x00000000eab00000)
  object space 232960K, 90% used [0x00000000c0000000,0x00000000ccda7348,0x00000000ce380000)
 Metaspace       used 66159K, committed 67264K, reserved 1114112K
  class space    used 7148K, committed 7616K, reserved 1048576K
}
Event: 47.147 GC heap after
{Heap after GC invocations=465 (full 16):
 PSYoungGen      total 4096K, used 817K [0x00000000eab00000, 0x00000000eb000000, 0x0000000100000000)
  eden space 3072K, 0% used [0x00000000eab00000,0x00000000eab00000,0x00000000eae00000)
  from space 1024K, 79% used [0x00000000eae00000,0x00000000eaecc4a0,0x00000000eaf00000)
  to   space 1024K, 0% used [0x00000000eaf00000,0x00000000eaf00000,0x00000000eb000000)
 ParOldGen       total 232960K, used 210588K [0x00000000c0000000, 0x00000000ce380000, 0x00000000eab00000)
  object space 232960K, 90% used [0x00000000c0000000,0x00000000ccda7348,0x00000000ce380000)
 Metaspace       used 66159K, committed 67264K, reserved 1114112K
  class space    used 7148K, committed 7616K, reserved 1048576K
}
Event: 47.217 GC heap before
{Heap before GC invocations=466 (full 16):
 PSYoungGen      total 4096K, used 3889K [0x00000000eab00000, 0x00000000eb000000, 0x0000000100000000)
  eden space 3072K, 100% used [0x00000000eab00000,0x00000000eae00000,0x00000000eae00000)
  from space 1024K, 79% used [0x00000000eae00000,0x00000000eaecc4a0,0x00000000eaf00000)
  to   space 1024K, 0% used [0x00000000eaf00000,0x00000000eaf00000,0x00000000eb000000)
 ParOldGen       total 232960K, used 210588K [0x00000000c0000000, 0x00000000ce380000, 0x00000000eab00000)
  object space 232960K, 90% used [0x00000000c0000000,0x00000000ccda7348,0x00000000ce380000)
 Metaspace       used 66581K, committed 67712K, reserved 1114112K
  class space    used 7191K, committed 7680K, reserved 1048576K
}
Event: 47.219 GC heap after
{Heap after GC invocations=466 (full 16):
 PSYoungGen      total 4096K, used 929K [0x00000000eab00000, 0x00000000eb000000, 0x0000000100000000)
  eden space 3072K, 0% used [0x00000000eab00000,0x00000000eab00000,0x00000000eae00000)
  from space 1024K, 90% used [0x00000000eaf00000,0x00000000eafe8490,0x00000000eb000000)
  to   space 1024K, 0% used [0x00000000eae00000,0x00000000eae00000,0x00000000eaf00000)
 ParOldGen       total 232960K, used 210588K [0x00000000c0000000, 0x00000000ce380000, 0x00000000eab00000)
  object space 232960K, 90% used [0x00000000c0000000,0x00000000ccda7348,0x00000000ce380000)
 Metaspace       used 66581K, committed 67712K, reserved 1114112K
  class space    used 7191K, committed 7680K, reserved 1048576K
}

